<?xml version="1.0" encoding="UTF-8"?>
<!-- Generated by org.testng.reporters.JUnitReportReporter -->
<testsuite hostname="DESKTOP-GHCRDQQ" failures="0" tests="1" name="TestRunner.MainTest" time="0.858" errors="0" timestamp="2023-09-14T22:13:08 IST" skipped="0">
  <testcase classname="TestRunner.MainTest" name="verifyLogin" time="0.858"/>
  <system-out/>
</testsuite> <!-- TestRunner.MainTest -->
