<?xml version="1.0" encoding="UTF-8"?>
<!-- Generated by org.testng.reporters.JUnitReportReporter -->
<testsuite hostname="DESKTOP-GHCRDQQ" failures="0" tests="1" name="TestRunner.TC_DashboardPage_01" time="4.530" errors="0" timestamp="2023-09-18T13:28:18 IST" skipped="0">
  <testcase classname="TestRunner.TC_DashboardPage_01" name="verifyContentPagination" time="4.530"/>
  <system-out/>
</testsuite> <!-- TestRunner.TC_DashboardPage_01 -->
