<?xml version="1.0" encoding="UTF-8"?>
<!-- Generated by org.testng.reporters.JUnitReportReporter -->
<testsuite hostname="DESKTOP-GHCRDQQ" failures="0" tests="1" name="TestRunner.TC_LoginPage_01" time="0.894" errors="0" timestamp="2023-09-14T22:15:34 IST" skipped="0">
  <testcase classname="TestRunner.TC_LoginPage_01" name="verifyLogin" time="0.894"/>
  <system-out/>
</testsuite> <!-- TestRunner.TC_LoginPage_01 -->
