<?xml version="1.0" encoding="UTF-8"?>
<!-- Generated by org.testng.reporters.JUnitReportReporter -->
<testsuite hostname="DESKTOP-GHCRDQQ" failures="0" tests="1" name="TestRunner.TC_PatientPage_01" time="5.642" errors="0" timestamp="2023-09-19T13:39:32 IST" skipped="0">
  <testcase classname="TestRunner.TC_PatientPage_01" name="verifyContentPagination" time="5.642"/>
  <system-out/>
</testsuite> <!-- TestRunner.TC_PatientPage_01 -->
